{
  "RSpec": {
    "coverage": {
      "/Users/mountbook/potepan/portfolio/myportfolio/app/models/user.rb": {
        "lines": [
          1,
          null,
          null,
          1,
          null,
          null,
          1,
          1,
          1,
          null,
          1,
          null,
          null,
          1,
          1,
          null,
          1,
          5,
          5,
          5,
          null,
          null,
          null,
          1,
          13,
          null,
          null,
          null,
          1,
          1,
          1,
          null,
          1,
          null,
          1,
          224,
          0,
          null,
          null,
          null,
          1,
          224,
          0,
          null,
          null,
          null
        ]
      },
      "/Users/mountbook/potepan/portfolio/myportfolio/app/models/application_record.rb": {
        "lines": [
          1,
          1,
          null
        ]
      },
      "/Users/mountbook/potepan/portfolio/myportfolio/app/helpers/application_helper.rb": {
        "lines": [
          1,
          1,
          139,
          139,
          43,
          null,
          96,
          null,
          null,
          null,
          1,
          376,
          null,
          null
        ]
      },
      "/Users/mountbook/potepan/portfolio/myportfolio/app/helpers/departments_helper.rb": {
        "lines": [
          1,
          null
        ]
      },
      "/Users/mountbook/potepan/portfolio/myportfolio/app/helpers/favorites_helper.rb": {
        "lines": [
          1,
          null
        ]
      },
      "/Users/mountbook/potepan/portfolio/myportfolio/app/helpers/homes_helper.rb": {
        "lines": [
          1,
          1,
          null,
          null,
          1,
          null,
          null,
          null,
          null,
          1,
          null,
          null,
          null
        ]
      },
      "/Users/mountbook/potepan/portfolio/myportfolio/app/helpers/posts_helper.rb": {
        "lines": [
          1,
          null
        ]
      },
      "/Users/mountbook/potepan/portfolio/myportfolio/app/helpers/users_helper.rb": {
        "lines": [
          1,
          1,
          30,
          30,
          11,
          11,
          null,
          30,
          null,
          null
        ]
      },
      "/Users/mountbook/potepan/portfolio/myportfolio/app/models/met_object.rb": {
        "lines": [
          1,
          1,
          1,
          null,
          1,
          14,
          null,
          14,
          42,
          null,
          null,
          null,
          null,
          42,
          42,
          29,
          29,
          null,
          42,
          null,
          14,
          null,
          null,
          1,
          6,
          null,
          6,
          null,
          null,
          null,
          null,
          6,
          8,
          8,
          null,
          6,
          null,
          null
        ]
      },
      "/Users/mountbook/potepan/portfolio/myportfolio/app/models/post.rb": {
        "lines": [
          1,
          1,
          1,
          1,
          1,
          null,
          1,
          null,
          1,
          14,
          null,
          11,
          null,
          null
        ]
      },
      "/Users/mountbook/potepan/portfolio/myportfolio/app/controllers/departments_controller.rb": {
        "lines": [
          1,
          null,
          1,
          null,
          null,
          null,
          null,
          null,
          1,
          1,
          1,
          null,
          1,
          12,
          null,
          12,
          10,
          null,
          40,
          null,
          null,
          null,
          2,
          null,
          null,
          12,
          null,
          null
        ]
      },
      "/Users/mountbook/potepan/portfolio/myportfolio/app/controllers/application_controller.rb": {
        "lines": [
          1,
          1,
          null,
          1,
          null,
          1,
          157,
          157,
          null,
          null
        ]
      },
      "/Users/mountbook/potepan/portfolio/myportfolio/app/controllers/users/registrations_controller.rb": {
        "lines": [
          null,
          null,
          1,
          null,
          null,
          1,
          1,
          null,
          1,
          null,
          1,
          null,
          19,
          null,
          19,
          null,
          null,
          1,
          null,
          1,
          13,
          1,
          null,
          null,
          null,
          null,
          null,
          null,
          null,
          null,
          null,
          null,
          null,
          null,
          null,
          null,
          null,
          null,
          null,
          null,
          null,
          null,
          null,
          null,
          null,
          null,
          null,
          null,
          null,
          null,
          null,
          null,
          null,
          null,
          null,
          null,
          null,
          null,
          null,
          null,
          null,
          null,
          null,
          null,
          null,
          null,
          null,
          null,
          null,
          null,
          null,
          null,
          null,
          null,
          null,
          null,
          null,
          null,
          null,
          null,
          null
        ]
      },
      "/Users/mountbook/potepan/portfolio/myportfolio/app/controllers/users_controller.rb": {
        "lines": [
          1,
          1,
          1,
          25,
          null,
          null,
          null,
          null,
          1,
          4,
          null,
          null,
          null,
          null,
          1,
          1,
          null,
          null,
          1,
          null,
          1,
          30,
          null,
          null
        ]
      },
      "/Users/mountbook/potepan/portfolio/myportfolio/app/models/favorite.rb": {
        "lines": [
          1,
          1,
          1,
          null,
          1,
          null
        ]
      },
      "/Users/mountbook/potepan/portfolio/myportfolio/app/controllers/favorites_controller.rb": {
        "lines": [
          1,
          1,
          1,
          null,
          1,
          1,
          1,
          null,
          1,
          1,
          null,
          null,
          null,
          1,
          1,
          1,
          1,
          1,
          null,
          null,
          null,
          1,
          null,
          1,
          2,
          null,
          null
        ]
      },
      "/Users/mountbook/potepan/portfolio/myportfolio/app/controllers/homes_controller.rb": {
        "lines": [
          1,
          1,
          null,
          1,
          43,
          null,
          null,
          null,
          null,
          1,
          null,
          null,
          1,
          null,
          null,
          1,
          null,
          null
        ]
      },
      "/Users/mountbook/potepan/portfolio/myportfolio/app/controllers/users/sessions_controller.rb": {
        "lines": [
          null,
          null,
          1,
          null,
          null,
          1,
          2,
          1,
          null,
          1,
          1,
          1,
          null,
          null,
          null,
          null,
          null,
          null,
          null,
          null,
          null,
          null,
          null,
          null,
          null,
          null,
          null,
          null,
          null,
          null,
          null,
          null,
          null,
          null,
          null,
          null,
          null
        ]
      },
      "/Users/mountbook/potepan/portfolio/myportfolio/app/controllers/posts_controller.rb": {
        "lines": [
          1,
          1,
          1,
          1,
          1,
          null,
          1,
          12,
          12,
          null,
          null,
          null,
          null,
          1,
          11,
          null,
          null,
          1,
          2,
          2,
          1,
          null,
          1,
          1,
          null,
          null,
          null,
          1,
          null,
          null,
          1,
          null,
          null,
          1,
          2,
          1,
          null,
          1,
          1,
          null,
          null,
          null,
          1,
          1,
          1,
          1,
          null,
          null,
          1,
          null,
          1,
          40,
          null,
          null,
          1,
          13,
          null,
          null,
          1,
          13,
          6,
          null,
          null,
          null
        ]
      }
    },
    "timestamp": 1755573890
  }
}
